0 info it worked if it ends with ok
1 verbose cli [ '/Users/effisfor/.nvm/versions/node/v6.3.0/bin/node',
1 verbose cli   '/Users/effisfor/.nvm/versions/node/v6.3.0/bin/npm',
1 verbose cli   'publish',
1 verbose cli   '--access=public' ]
2 info using npm@3.10.9
3 info using node@v6.3.0
4 verbose publish [ '.' ]
5 silly cache add args [ '.', null ]
6 verbose cache add spec .
7 silly cache add parsed spec Result {
7 silly cache add   raw: '.',
7 silly cache add   scope: null,
7 silly cache add   escapedName: null,
7 silly cache add   name: null,
7 silly cache add   rawSpec: '.',
7 silly cache add   spec: '/Users/effisfor/web/vue-firebase-auth',
7 silly cache add   type: 'directory' }
8 verbose addLocalDirectory /Users/effisfor/.npm/@monowales/vue-firebase-auth/0.0.1/package.tgz not in flight; packing
9 verbose correctMkdir /Users/effisfor/.npm correctMkdir not in flight; initializing
10 info lifecycle @monowales/vue-firebase-auth@0.0.1~prepublish: @monowales/vue-firebase-auth@0.0.1
11 silly lifecycle @monowales/vue-firebase-auth@0.0.1~prepublish: no script for prepublish, continuing
12 verbose tar pack [ '/Users/effisfor/.npm/@monowales/vue-firebase-auth/0.0.1/package.tgz',
12 verbose tar pack   '/Users/effisfor/web/vue-firebase-auth' ]
13 verbose tarball /Users/effisfor/.npm/@monowales/vue-firebase-auth/0.0.1/package.tgz
14 verbose folder /Users/effisfor/web/vue-firebase-auth
15 verbose addLocalTarball adding from inside cache /Users/effisfor/.npm/@monowales/vue-firebase-auth/0.0.1/package.tgz
16 verbose correctMkdir /Users/effisfor/.npm correctMkdir not in flight; initializing
17 silly cache afterAdd @monowales/vue-firebase-auth@0.0.1
18 verbose afterAdd /Users/effisfor/.npm/@monowales/vue-firebase-auth/0.0.1/package/package.json not in flight; writing
19 verbose correctMkdir /Users/effisfor/.npm correctMkdir not in flight; initializing
20 verbose afterAdd /Users/effisfor/.npm/@monowales/vue-firebase-auth/0.0.1/package/package.json written
21 silly publish { name: '@monowales/vue-firebase-auth',
21 silly publish   version: '0.0.1',
21 silly publish   main: 'Auth.vue',
21 silly publish   scripts: { test: 'echo "Error: no test specified" && exit 1' },
21 silly publish   repository:
21 silly publish    { type: 'git',
21 silly publish      url: 'git+https://github.com/monowales/vue-firebase-auth.git' },
21 silly publish   author:
21 silly publish    { name: 'Mono',
21 silly publish      email: 'hello@mono.wales',
21 silly publish      url: 'https://mono.wales' },
21 silly publish   license: 'ISC',
21 silly publish   bugs: { url: 'https://github.com/monowales/vue-firebase-auth/issues' },
21 silly publish   homepage: 'https://github.com/monowales/vue-firebase-auth#readme',
21 silly publish   description: '',
21 silly publish   gitHead: '8fbb2800cb0fb9461803982a1057421ea57485dc',
21 silly publish   readme: 'ERROR: No README data found!',
21 silly publish   _id: '@monowales/vue-firebase-auth@0.0.1',
21 silly publish   _shasum: '931999917dfffaf363bd15e5126d3bdd64717af3',
21 silly publish   _from: '.' }
22 verbose getPublishConfig undefined
23 silly mapToRegistry name @monowales/vue-firebase-auth
24 silly mapToRegistry scope (from package name) @monowales
25 verbose mapToRegistry no registry URL found in name for scope @monowales
26 silly mapToRegistry using default registry
27 silly mapToRegistry registry https://registry.npmjs.org/
28 silly mapToRegistry data Result {
28 silly mapToRegistry   raw: '@monowales/vue-firebase-auth',
28 silly mapToRegistry   scope: '@monowales',
28 silly mapToRegistry   escapedName: '@monowales%2fvue-firebase-auth',
28 silly mapToRegistry   name: '@monowales/vue-firebase-auth',
28 silly mapToRegistry   rawSpec: '',
28 silly mapToRegistry   spec: 'latest',
28 silly mapToRegistry   type: 'tag' }
29 silly mapToRegistry uri https://registry.npmjs.org/@monowales%2fvue-firebase-auth
30 verbose publish registryBase https://registry.npmjs.org/
31 silly publish uploading /Users/effisfor/.npm/@monowales/vue-firebase-auth/0.0.1/package.tgz
32 verbose request uri https://registry.npmjs.org/@monowales%2fvue-firebase-auth
33 verbose request sending authorization for write operation
34 info attempt registry request try #1 at 4:35:57 PM
35 verbose request using bearer token for auth
36 verbose request id a3f3eeb31f8c4fcf
37 http request PUT https://registry.npmjs.org/@monowales%2fvue-firebase-auth
38 http 403 https://registry.npmjs.org/@monowales%2fvue-firebase-auth
39 verbose headers { 'content-type': 'application/json',
39 verbose headers   'cache-control': 'max-age=0',
39 verbose headers   'content-length': '95',
39 verbose headers   'accept-ranges': 'bytes',
39 verbose headers   date: 'Thu, 04 May 2017 15:35:58 GMT',
39 verbose headers   via: '1.1 varnish',
39 verbose headers   connection: 'keep-alive',
39 verbose headers   'x-served-by': 'cache-lcy1122-LCY',
39 verbose headers   'x-cache': 'MISS',
39 verbose headers   'x-cache-hits': '0',
39 verbose headers   'x-timer': 'S1493912157.458934,VS0,VE1431' }
40 verbose request invalidating /Users/effisfor/.npm/registry.npmjs.org/_40monowales_252fvue-firebase-auth on PUT
41 error publish Failed PUT 403
42 verbose stack Error: "You cannot publish over the previously published version 0.0.1." : @monowales/vue-firebase-auth
42 verbose stack     at makeError (/Users/effisfor/.nvm/versions/node/v6.3.0/lib/node_modules/npm/node_modules/npm-registry-client/lib/request.js:302:12)
42 verbose stack     at CachingRegistryClient.<anonymous> (/Users/effisfor/.nvm/versions/node/v6.3.0/lib/node_modules/npm/node_modules/npm-registry-client/lib/request.js:290:14)
42 verbose stack     at Request._callback (/Users/effisfor/.nvm/versions/node/v6.3.0/lib/node_modules/npm/node_modules/npm-registry-client/lib/request.js:210:14)
42 verbose stack     at Request.self.callback (/Users/effisfor/.nvm/versions/node/v6.3.0/lib/node_modules/npm/node_modules/request/request.js:187:22)
42 verbose stack     at emitTwo (events.js:106:13)
42 verbose stack     at Request.emit (events.js:191:7)
42 verbose stack     at Request.<anonymous> (/Users/effisfor/.nvm/versions/node/v6.3.0/lib/node_modules/npm/node_modules/request/request.js:1048:10)
42 verbose stack     at emitOne (events.js:96:13)
42 verbose stack     at Request.emit (events.js:188:7)
42 verbose stack     at IncomingMessage.<anonymous> (/Users/effisfor/.nvm/versions/node/v6.3.0/lib/node_modules/npm/node_modules/request/request.js:969:12)
43 verbose statusCode 403
44 verbose pkgid @monowales/vue-firebase-auth
45 verbose cwd /Users/effisfor/web/vue-firebase-auth
46 error Darwin 16.5.0
47 error argv "/Users/effisfor/.nvm/versions/node/v6.3.0/bin/node" "/Users/effisfor/.nvm/versions/node/v6.3.0/bin/npm" "publish" "--access=public"
48 error node v6.3.0
49 error npm  v3.10.9
50 error code E403
51 error "You cannot publish over the previously published version 0.0.1." : @monowales/vue-firebase-auth
52 error If you need help, you may report this error at:
52 error     <https://github.com/npm/npm/issues>
53 verbose exit [ 1, true ]
